SF:lib\data\repository.dart
DA:10,15
DA:12,6
DA:13,6
DA:15,2
DA:16,1
DA:21,6
DA:22,6
DA:24,6
DA:27,0
DA:28,0
DA:31,0
DA:32,0
DA:35,0
DA:36,0
DA:39,0
DA:40,0
DA:43,0
DA:44,0
LF:18
LH:8
end_of_record
SF:lib\exception\failed_to_fetch_api_token_exception.dart
DA:2,0
LF:1
LH:0
end_of_record
SF:lib\exception\failed_to_fetch_client_token.dart
DA:4,1
DA:6,1
DA:8,0
LF:3
LH:2
end_of_record
SF:lib\model\user.dart
DA:11,2
DA:20,0
DA:29,2
DA:38,2
DA:40,8
DA:41,4
LF:6
LH:5
end_of_record
SF:lib\service\auth_service.dart
DA:30,0
DA:38,0
DA:45,0
DA:46,0
DA:50,0
DA:51,0
DA:52,0
DA:53,0
DA:56,1
DA:58,1
DA:60,0
DA:65,1
DA:66,4
DA:67,1
DA:68,2
DA:69,2
DA:70,2
DA:71,2
DA:72,2
DA:73,2
DA:74,2
DA:78,4
DA:80,2
DA:81,0
DA:83,0
DA:86,1
DA:90,1
DA:91,2
DA:93,4
DA:94,1
DA:96,6
DA:99,4
DA:101,2
DA:102,3
DA:104,3
DA:106,2
DA:107,2
DA:112,3
DA:113,1
DA:117,1
DA:119,4
DA:121,2
DA:122,1
DA:129,1
DA:130,1
DA:133,2
DA:134,1
DA:138,5
DA:141,4
DA:143,2
DA:144,3
DA:145,3
DA:147,3
DA:149,2
DA:150,2
DA:151,1
DA:157,2
DA:158,0
DA:159,0
DA:160,0
DA:166,1
DA:169,1
DA:171,1
DA:174,2
DA:175,1
DA:178,5
DA:180,4
DA:182,2
DA:189,0
DA:190,0
DA:191,0
DA:192,0
DA:195,0
DA:196,0
DA:197,0
DA:198,0
DA:199,0
DA:200,0
DA:205,0
LF:79
LH:54
end_of_record
SF:lib\controller\content_menu_controller.dart
DA:20,0
DA:21,0
DA:22,0
DA:23,0
DA:24,0
DA:27,0
DA:28,0
DA:32,0
DA:33,0
DA:34,0
DA:35,0
DA:37,0
DA:40,0
DA:41,0
DA:42,0
DA:44,0
DA:45,0
DA:46,0
DA:47,0
DA:50,0
DA:52,0
LF:21
LH:0
end_of_record
SF:lib\data\fridge_repository.dart
DA:26,2
DA:27,1
DA:29,1
DA:31,2
DA:33,0
DA:36,1
DA:39,1
DA:44,1
DA:45,4
DA:46,1
DA:47,2
DA:48,1
DA:49,1
DA:50,1
DA:54,4
DA:56,2
DA:57,2
DA:58,1
DA:59,1
DA:60,1
DA:61,1
DA:62,3
DA:64,2
DA:71,4
DA:73,3
DA:75,3
DA:79,1
DA:82,1
DA:86,1
DA:87,4
DA:88,1
DA:90,4
DA:92,2
DA:93,2
DA:94,2
DA:102,1
DA:103,4
DA:104,4
DA:106,2
DA:107,2
DA:109,3
DA:111,2
DA:112,1
DA:113,1
DA:114,1
DA:115,1
DA:116,1
DA:117,4
DA:119,2
DA:120,3
DA:122,3
DA:124,3
DA:127,5
DA:129,1
DA:131,1
DA:134,0
DA:136,0
DA:139,0
DA:141,0
DA:144,1
DA:145,1
DA:146,3
DA:148,4
DA:150,4
DA:151,4
DA:153,2
DA:154,2
DA:156,3
DA:158,2
DA:159,3
DA:161,3
DA:162,3
DA:164,1
DA:167,4
DA:169,1
DA:173,1
LF:76
LH:71
end_of_record
SF:lib\model\fridge.dart
DA:14,1
DA:21,2
DA:27,0
DA:28,0
DA:29,0
DA:30,0
DA:31,0
LF:7
LH:2
end_of_record
SF:lib\view\widgets\loader.dart
DA:10,0
DA:15,0
DA:16,0
DA:18,0
DA:20,0
DA:23,0
DA:24,0
DA:25,0
DA:26,0
DA:29,0
DA:30,0
DA:31,0
DA:32,0
DA:49,0
DA:51,0
DA:54,0
DA:55,0
DA:56,0
DA:57,0
DA:60,0
DA:61,0
DA:62,0
DA:63,0
DA:64,0
DA:65,0
DA:90,0
DA:92,0
DA:94,0
DA:97,0
DA:100,0
DA:103,0
DA:104,0
DA:106,0
DA:107,0
DA:109,0
DA:110,0
DA:111,0
DA:113,0
DA:114,0
DA:115,0
DA:118,0
DA:120,0
DA:121,0
DA:122,0
DA:123,0
DA:124,0
DA:125,0
DA:126,0
DA:127,0
DA:133,0
DA:134,0
DA:135,0
DA:136,0
DA:137,0
DA:143,0
DA:144,0
DA:145,0
DA:146,0
DA:147,0
DA:158,0
DA:160,0
DA:161,0
DA:162,0
DA:163,0
DA:170,0
DA:172,0
DA:174,0
DA:175,0
DA:176,0
DA:177,0
DA:178,0
DA:180,0
DA:182,0
DA:183,0
DA:184,0
DA:187,0
DA:196,0
DA:198,0
DA:200,0
DA:201,0
DA:202,0
DA:203,0
DA:204,0
DA:206,0
DA:207,0
DA:208,0
DA:209,0
DA:210,0
DA:212,0
DA:213,0
DA:214,0
DA:217,0
DA:226,0
DA:228,0
DA:230,0
DA:231,0
DA:232,0
DA:233,0
DA:234,0
DA:236,0
DA:237,0
DA:238,0
DA:239,0
DA:240,0
DA:242,0
DA:243,0
DA:246,0
DA:256,0
DA:258,0
DA:260,0
DA:269,0
DA:279,0
DA:281,0
DA:285,0
DA:287,0
DA:290,0
DA:291,0
DA:294,0
DA:295,0
DA:297,0
DA:298,0
DA:299,0
DA:300,0
DA:301,0
DA:304,0
DA:307,0
DA:309,0
DA:310,0
DA:311,0
DA:315,0
DA:318,0
DA:320,0
DA:321,0
DA:322,0
DA:324,0
DA:330,0
DA:332,0
DA:333,0
DA:334,0
LF:139
LH:0
end_of_record
SF:lib\view\widgets\menu_elements.dart
DA:10,0
DA:16,0
DA:18,0
DA:19,0
DA:20,0
DA:21,0
DA:22,0
DA:24,0
DA:28,0
DA:29,0
DA:31,0
DA:36,0
DA:37,0
DA:41,0
DA:42,0
DA:43,0
DA:45,0
DA:47,0
DA:49,0
DA:55,0
DA:57,0
DA:58,0
DA:59,0
DA:60,0
DA:61,0
DA:62,0
DA:63,0
DA:64,0
DA:65,0
DA:66,0
DA:67,0
DA:68,0
DA:69,0
DA:70,0
DA:74,0
DA:77,0
DA:78,0
DA:79,0
DA:80,0
DA:81,0
DA:88,0
DA:89,0
DA:92,0
DA:93,0
DA:94,0
DA:95,0
DA:96,0
DA:101,0
DA:102,0
DA:103,0
DA:105,0
DA:107,0
DA:108,0
DA:110,0
DA:111,0
DA:113,0
DA:114,0
DA:115,0
DA:116,0
DA:128,0
DA:131,0
DA:132,0
DA:137,0
DA:139,0
DA:140,0
DA:141,0
DA:143,0
DA:144,0
DA:145,0
DA:147,0
DA:148,0
DA:153,0
DA:154,0
DA:155,0
DA:161,0
DA:166,0
DA:168,0
DA:171,0
DA:173,0
DA:175,0
DA:176,0
DA:179,0
DA:180,0
DA:182,0
DA:183,0
DA:184,0
DA:192,0
DA:193,0
DA:194,0
DA:195,0
LF:90
LH:0
end_of_record
SF:lib\view\widgets\popup.dart
DA:8,0
DA:9,0
DA:10,0
DA:13,0
DA:14,0
DA:15,0
DA:16,0
DA:17,0
DA:18,0
DA:19,0
DA:20,0
DA:24,0
DA:25,0
DA:27,0
DA:28,0
DA:29,0
DA:38,0
DA:39,0
DA:40,0
DA:43,0
DA:44,0
DA:45,0
DA:46,0
DA:47,0
DA:48,0
DA:49,0
DA:50,0
DA:54,0
DA:55,0
DA:56,0
DA:57,0
DA:58,0
DA:59,0
DA:62,0
DA:64,0
DA:65,0
DA:66,0
DA:75,0
DA:76,0
DA:77,0
DA:79,0
DA:82,0
DA:83,0
DA:84,0
DA:85,0
DA:86,0
DA:87,0
DA:90,0
DA:91,0
DA:92,0
DA:93,0
DA:94,0
DA:95,0
DA:96,0
DA:97,0
DA:98,0
DA:103,0
DA:104,0
DA:105,0
DA:106,0
DA:107,0
DA:114,0
DA:115,0
DA:117,0
DA:119,0
DA:121,0
DA:122,0
DA:125,0
DA:126,0
DA:127,0
DA:129,0
DA:132,0
DA:134,0
DA:137,0
LF:74
LH:0
end_of_record
SF:lib\data\item_repository.dart
DA:25,9
DA:27,3
DA:29,2
DA:31,6
DA:34,3
DA:37,3
DA:40,0
DA:45,0
DA:50,0
DA:56,1
DA:57,3
DA:59,4
DA:61,4
DA:63,2
DA:64,2
DA:66,3
DA:68,2
DA:69,4
DA:70,1
DA:71,1
DA:72,1
DA:73,1
DA:74,1
DA:75,3
DA:76,3
DA:79,5
DA:80,1
DA:82,1
DA:85,1
DA:87,2
DA:90,0
DA:92,0
LF:32
LH:27
end_of_record
SF:lib\data\store_repository.dart
DA:21,12
DA:23,4
DA:25,2
DA:27,9
DA:30,4
DA:33,4
DA:36,1
DA:37,3
DA:38,1
DA:39,2
DA:40,1
DA:44,4
DA:46,2
DA:47,2
DA:48,3
DA:49,3
DA:51,3
DA:53,1
DA:56,1
DA:59,0
DA:66,1
DA:67,3
DA:69,4
DA:71,4
DA:73,2
DA:74,2
DA:76,3
DA:78,2
DA:79,3
DA:80,3
DA:82,3
DA:85,5
DA:86,1
DA:88,1
DA:91,1
DA:93,2
DA:96,0
DA:98,0
LF:38
LH:35
end_of_record
SF:lib\view\widgets\form_elements.dart
DA:5,0
DA:13,0
DA:15,0
DA:18,0
DA:20,0
DA:21,0
DA:22,0
DA:24,0
DA:25,0
DA:29,0
DA:34,0
DA:36,0
DA:37,0
DA:38,0
DA:39,0
DA:40,0
DA:41,0
DA:42,0
DA:44,0
DA:46,0
DA:51,0
DA:58,0
DA:60,0
DA:61,0
DA:62,0
DA:64,0
DA:65,0
DA:66,0
DA:69,0
DA:73,0
DA:74,0
DA:76,0
DA:77,0
DA:78,0
DA:83,0
DA:85,0
DA:86,0
DA:87,0
DA:89,0
DA:90,0
DA:94,0
DA:95,0
DA:98,0
DA:99,0
DA:100,0
DA:101,0
DA:102,0
DA:103,0
DA:105,0
DA:108,0
DA:110,0
DA:113,0
LF:52
LH:0
end_of_record
SF:lib\model\content.dart
DA:13,1
DA:21,1
DA:28,1
DA:30,2
DA:31,1
DA:32,1
LF:6
LH:6
end_of_record
SF:lib\data\content_repository.dart
DA:25,2
DA:26,8
DA:29,2
DA:31,2
DA:36,1
DA:37,1
DA:38,2
DA:39,2
DA:40,2
DA:41,4
DA:42,1
DA:43,1
DA:44,1
DA:45,3
DA:47,4
DA:49,4
DA:50,1
DA:52,4
DA:54,2
DA:55,2
DA:57,3
DA:59,2
DA:62,1
DA:66,1
DA:68,6
DA:70,2
DA:71,3
DA:73,2
DA:74,2
DA:75,2
DA:83,2
DA:84,8
DA:87,10
DA:89,8
DA:91,4
DA:92,4
DA:94,6
DA:96,3
DA:97,1
DA:98,1
DA:99,1
DA:100,1
DA:101,1
DA:102,3
DA:103,4
DA:106,10
DA:107,2
DA:109,1
DA:112,0
DA:114,0
DA:117,0
DA:119,0
DA:122,1
DA:124,2
DA:125,2
DA:127,7
DA:128,1
DA:129,2
DA:132,4
DA:134,2
DA:135,2
DA:137,3
DA:138,4
DA:141,1
LF:64
LH:60
end_of_record
SF:lib\service\user_service.dart
DA:24,6
DA:26,2
DA:28,2
DA:30,3
DA:32,2
DA:35,2
DA:37,1
DA:38,3
DA:40,4
DA:42,4
DA:44,2
DA:45,2
DA:46,1
DA:47,1
DA:48,1
DA:49,1
DA:50,1
DA:51,1
DA:52,1
DA:54,1
DA:56,3
DA:58,1
DA:60,1
DA:63,1
DA:64,1
DA:66,3
DA:68,5
DA:70,2
DA:71,2
DA:73,2
DA:74,2
DA:75,2
DA:76,1
DA:77,1
DA:78,1
DA:79,1
DA:80,1
DA:81,1
DA:82,3
DA:84,1
DA:87,4
DA:90,1
DA:93,1
DA:94,1
DA:97,1
DA:98,2
DA:99,1
DA:101,3
DA:102,1
DA:103,2
DA:106,4
DA:108,2
DA:109,2
DA:110,3
DA:112,1
DA:113,1
DA:114,1
DA:115,1
DA:116,1
DA:117,1
DA:118,1
DA:120,1
DA:123,1
DA:126,0
DA:128,0
DA:129,0
DA:131,0
DA:132,0
DA:133,0
DA:139,0
DA:140,0
DA:142,0
DA:143,0
DA:144,0
DA:147,0
LF:75
LH:63
end_of_record
SF:lib\model\item.dart
DA:11,2
LF:1
LH:1
end_of_record
SF:lib\model\store.dart
DA:7,2
DA:12,1
LF:2
LH:2
end_of_record
SF:lib\exception\not_unique_exception.dart
DA:5,0
LF:1
LH:0
end_of_record
SF:lib\utils\validator.dart
DA:6,1
DA:8,1
DA:10,1
DA:14,1
DA:27,1
DA:28,1
DA:37,0
DA:38,0
DA:44,1
DA:45,1
DA:51,1
DA:52,1
DA:58,1
DA:59,1
DA:62,2
DA:67,1
DA:68,1
LF:17
LH:15
end_of_record
